HRC
HTH
HGV
HLT
HNI
HMLP
HEP
HFC
HD
HMC
HON
HZN
HTFA
HRL
HST
HLI
HOV
HHC
HWM
HPQ
HSBC
HMI
HNP
HUBB
HUBS
HBM
HPP
HUM
HII
HUN
HUYA
H
HY
IAA
IAG
IBN
ICL
IDA
IEX
IDT
INFO
ITW
IMAX
ICD
IHC
IRT
IFN
IBA
INFY
ING
IR
NGVT
INGR
IIPR
IPHI
INSI
NSP
INSP
IBP
ITGR
ICE
IHG
IFS
IBM
IFF
IFFT
IGT
IP
INSW
IPV
IPG
IPI
IVC
VBF
VCV
VTA
IHIT
IHTA
VLT
IVR
OIA
VMO
VKQ
VPV
IVZ
IQI
VVR
VTN
VGM
IIM
NVTA
INVH
IO
IQV
IRM
IRS
ITCB
ITUB
ITT
IVH
JPM
JAX
JILL
SJM
JBL
J
JHX
JHG
JOF
JWS
JBGS
JEF
JELD
JT
JKS
JMP
JBT
BTO
HEQ
JHS
JHI
HPF
HPI
HPS
PDT
HTD
HTY
JNJ
JCI
JLL
JMIA
JIH
JNPR
JP
JE
LRN
KAI
KDMN
KAMN
KSU
KAR
KMF
KYN
KB
KBH
KBR
K
KMPR
KMT
KW
KEN
KDP
KEY
KEYS
KRC
KRP
KMB
KIM
KMI
KFS
KGC
KEX
KL
KRG
KKR
KIO
KREF
KNX
KNL
KNOP
KN
KSS
PHG
KTB
KOP
KEP
KF
KFY
KOS
KRA
KR
KRO
KT
LB
SCX
LHX
LH
LADR
LAIX
LW
LCI
LPI
LVS
LGI
LAZ
LZB
LCII
LEAF
LEA
LEE
LEG
JBK
KTH
KTN
LDOS
LEJU
LMND
LC
LEN
LII
LEVI
LXP
LPL
DFNS
USA
ASG
LBRT
LSI
LITB
LNC
LIN
LNN
LINX
LAD
LAC
LYV
LTHM
RAMP
LYG
SCD
LMT
L
LOMA
LGVW
LPX
LOW
LXU
LTC
LUB
LL
LXFR
LDL
LYB
MTB
MDC
MHO
MAC
CLI
MFD
MGU
MIC
BMA
M
MCN
MSGE
MSGS
MMP
MGA
MX
MGY
MHLA
MHNC
MAIN
MMD
MANU
MTW
MN
MAN
MFC
MRO
MPC
MMI
MCS
MPX
HZO
MKL
VAC
MMC
MLM
MAS
DOOR
MTZ
MA
MTDR
MTRN
MATX
MLP
MAXR
MMS
MXL
MEC
MBI
MKC
MCD
MUX
MCK
MDU
MTL
MDLA
MPW
MED
MCV
MDLQ
MDLX
MDLY
MD
MDT
MRK
MCY
MDP
MTH
MTOR
MTR
MSB
MEI
MET
MCB
MTD
MXE
MXF
MFA
MCR
MGF
MIN
MMT
MFM
MFV
MTG
MGP
MGM
MFGP
MAA
AMPY
MLR
HIE
MTX
MG
MUFG
MIXT
MFG
MBT
MODN
MOD
MC
MOGU
MHK
MOH
TAP
MNR
MEG
MCO
MS
CAF
MSD
EDD
IIF
MOS
MSI
MOV
MPLX
MRC
MSA
MSM
MSCI
MSGN
MLI
MWA
MVF
MZA
MUR
MUSA
MVO
MVCD
MYE
MYOV
NBR
NC
NTP
NTEST
NBHC
NFG
NGG
NHI
NOV
NPK
NNN
NRUC
SID
NSA
NTCO
NGS
NGVC
NRP
NTZ
NWG
NLS
NVGS
NNA
NM
NMM
NAV
NCR
NP
NNI
NPTN
NSCO
NVRO
HYB
NFH
GF
NWHM
IRL
NMFC
EDU
NEWR
NRZ
SNR
NYCB
NYT
NJR
NEU
NEM
NR
NEXA
NREF
NXRT
NHF
NEP
NEE
NEX
NGL
NLSN
NKE
NINE
NIO
NI
NL
NOAH
NOK
NOMD
NMR
NAT
JWN
NSC
NOA
NRT
NOC
NWN
NWE
NCLH
NVS
NVO
DNOW
NRG
NUS
NUE
NS
NSS
NTR
NVG
NUV
NUW
NEA
NAZ
NKX
NCB
NCA
NAC
JCE
JCO
JQC
JDD
DIAX
JEMD
NEV
JFR
JRO
NKG
JGH
JHAA
JHB
NXC
NXN
NID
NMY
NMT
NUM
NMS
NOM
JLS
JMM
NHA
NZF
NMCO
NMZ
NMI
NJV
NXJ
NRK
NYV
NNY
NAN
NUO
NPN
NQP
JPC
JPS
JPT
JPI
NAD
JRI
JRS
BXMX
SPXX
NIM
NXP
NXQ
NXR
NSL
JSD
NBB
JTD
JTA
NPV
NIQ
NVT
NVR
CTEST
OXY
OII
OCN
OFG
OGE
OI
OIS
ODC
ORI
OLN
OHI
OMC
OGS
OLP
OCFT
OMF
OKE
ONE
ONTO
OOMA
OPY
ORCL
ORAN
ORC
OEC
ORN
IX
ORA
OSK
OR
SFTW
OTIS
OUT
OSG
OVV
OMI
OC
ORCC
OXM
PCG
PCGU
PKG
PD
PAGS
PANW
PAM
PHX
PARR
PAR
PGRE
PKE
PK
PH
PSN
PRTY
PAYC
PBF
PBFX
BTU
PSO
PEB
PBA
PEI
PFSI
PMT
PAG
PNR
PEN
PFGC
PKI
PBT
PVL
PRT
PRGO
PRSP
PTR
PBR
PFE
GHY
ISD
PGTI
PM
PSX
PSXP
FENG
DNK
PHR
DOC
PDM
PCQ
PCK
PZC
PTY
PCN
PCI
PDI
NRGX
PGP
PHK
PKO
PFL
PFN
PMF
PML
PMX
PNF
PNI
PYN
RCS
PING
PNW
PINS
PHD
PHT
MAV
MHI
PXD
PIPR
PBI
PJT
PAA
PAGP
PLNT
PLT
AGS
PHI
PLYM
PNC
PNM
PII
POR
PKX
POST
PSTL
PPG
PPX
PPL
PYS
PYT
PQG
PDS
APTS
PBH
PVG
PRI
PRMW
PGZ
PRA
PG
PGR
PLD
PUMP
PRO
PROS
PBB
PBC
PBY
PB
PRLB
PFS
PRS
PRU
PUK
TLK
PEG
PSA
PHM
PSTG
PMM
PIM
PMO
PPT
NEW
PVH
PZN
QTWO
QEP
QGEN
QTS
QUAD
KWR
NX
PWR
QD
DGX
QUOT
QVCC
QVCD
CTAA
CTBB
CTDD
RRD
RMED
RDN
RFL
RL
RRC
RNGR
PACK
RJF
RYAM
RYN
RTX
RMAX
RC
RCA
RCB
RCP
RLGY
O
RLH
RWT
RBC
RM
RF
RGS
RGA
RZA
RZB
RS
RELX
RNR
SOL
RENN
RPLA
RSG
REZI
RMD
RFP
QSR
RPAI
RVI
REVG
REV
RVLV
REX
REXR
RXN
RH
RNG
RIO
RBA
RAD
RFM
RMM
RMI
RIV
RSF
OPP
RLI
RLJ
RHI
ROK
RCI
ROG
ROL
ROP
RY
RCL
RGT
RMT
RVT
RES
RPM
RPT
RYB
R
RYI
RHP
SPGI
SBR
SB
SFE
SAFE
SAIL
CRM
SMM
SBH
SJT
SD
SC
SAP
SAF
SAK
SAR
SSL
BFS
SCPE
SLB
SNDR
SWM
SAIC
SALT
SBBA
STNG
SMG
KTF
KSM
SRL
SCU
SCVX
SE
SA
CKH
SMHI
SEE
SEAS
WTTR
SEM
SLQT
SRE
SREA
ST
SXT
SQNS
SRG
SCI
NOW
SFL
SHAK
SJR
SHLX
SHW
FOUR
SHG
SHOP
SSTK
SBSW
SIG
SBOW
SI
SPG
SSD
SHI
SITC
SITE
SIX
TSLX
SJW
SKM
SKX
SKY
SLG
WORK
SM
SMAR
SNN
SNAP
SNA
SQM
SOGO
SOI
SWI
SAH
SON
SNE
SOS
SOR
SJI
SJIJ
SJIU
SO
SOJB
SOJC
SOJD
SOLN
SCCO
LUV
SWX
SWN
SPE
SR
SPR
SAVE
SRC
SPOT
SRLP
SII
SPXC
FLOW
SQ
JOE
STAG
SMP
SXI
SWK
SWT
STN
SGU
SRT
STWD
STT
SPLP
SCS
SCA
SCM
SCL
STE
STL
STC
SF
SFB
STM
EDF
EDI
STON
SRI
STOR
GJH
GJO
GJS
SYK
MSC
RGR
SPH
SMFG
INN
SUM
SMLP
SUI
SLF
SXC
SU
STG
NOVA
SUN
SHO
SUP
SOAC
SUZ
SWZ
SWCH
SBE
SYF
SNX
SNV
GJP
GJR
GJT
SYY
SYX
TWN
TSM
TAK
TAL
TALO
SKT
TPR
TRGP
TGT
TARO
TTM
TMHC
TRP
TCP
TSI
TEL
TISI
FTI
TECK
TK
TGP
TNK
TGNA
TRC
HQH
THQ
HQL
THW
TDOC
TEO
TDY
TFX
VIV
TEF
TDA
TDE
Traceback (most recent call last):
  File "main.py", line 28, in <module>
    daily_data, meta_data = ts.get_daily(symbol=ticker, outputsize='full')
  File "/mnt/optane/dtujo/Trawler/scrap/historicalStockToDB/alpha_vantage/alpha_vantage/alphavantage.py", line 219, in _format_wrapper
    self, *args, **kwargs)
  File "/mnt/optane/dtujo/Trawler/scrap/historicalStockToDB/alpha_vantage/alpha_vantage/alphavantage.py", line 160, in _call_wrapper
    return self._handle_api_call(url), data_key, meta_data_key
  File "/mnt/optane/dtujo/Trawler/scrap/historicalStockToDB/alpha_vantage/alpha_vantage/alphavantage.py", line 354, in _handle_api_call
    json_response = response.json()
  File "/usr/local/lib/python3.6/site-packages/requests/models.py", line 897, in json
    return complexjson.loads(self.text, **kwargs)
  File "/usr/lib64/python3.6/json/__init__.py", line 354, in loads
    return _default_decoder.decode(s)
  File "/usr/lib64/python3.6/json/decoder.py", line 339, in decode
    obj, end = self.raw_decode(s, idx=_w(s, 0).end())
  File "/usr/lib64/python3.6/json/decoder.py", line 357, in raw_decode
    raise JSONDecodeError("Expecting value", s, err.value) from None
json.decoder.JSONDecodeError: Expecting value: line 1 column 1 (char 0)
